<?xml version="1.0" encoding="UTF-8"?>
<testsuite xmlns:xsi="http://www.w3.org/2001/XMLSchema-instance" xsi:noNamespaceSchemaLocation="https://maven.apache.org/surefire/maven-surefire-plugin/xsd/surefire-test-report-3.0.xsd" version="3.0" name="cucumber.Options.TestRunner" time="19.206" tests="4" errors="0" skipped="0" failures="0">
  <properties>
[...]
</properties>
  <testcase name="Verify place is added successfully by using the APIs #1" classname="Validation place APIs" time="11.054">
    <system-err><![CDATA[Dec 20, 2024 1:26:08 PM io.cucumber.core.options.CucumberPropertiesParser lambda$warnWhenCucumberOptionsIsUsed$2
WARNING: Passing commandline options via the property 'cucumber.options' is no longer supported. Please use individual properties instead. See the java doc on io.cucumber.core.options.Constants for details.
]]></system-err>
  </testcase>
  <testcase name="Verify place is added successfully by using the APIs #2" classname="Validation place APIs" time="1.735"/>
  <testcase name="Verify place is added successfully by using the APIs #3" classname="Validation place APIs" time="1.83"/>
  <testcase name="Verify delete functionality is working fine" classname="Validation place APIs" time="1.767"/>
</testsuite>